Copyright 1986-2022 Xilinx, Inc. All Rights Reserved. Copyright 2022-2024 Advanced Micro Devices, Inc. All Rights Reserved.
-------------------------------------------------------------------------------------------------------------------------------------------------------------------------------------
| Tool Version     : Vivado v.2024.1.2 (win64) Build 5164865 Thu Sep  5 14:37:11 MDT 2024
| Date             : Thu Oct  9 20:18:38 2025
| Host             : Benjamin-PC running 64-bit major release  (build 9200)
| Command          : report_power -file UART_Transfer_wrapper_power_routed.rpt -pb UART_Transfer_wrapper_power_summary_routed.pb -rpx UART_Transfer_wrapper_power_routed.rpx
| Design           : UART_Transfer_wrapper
| Device           : xc7z020clg400-1
| Design State     : routed
| Grade            : commercial
| Process          : typical
| Characterization : Production
-------------------------------------------------------------------------------------------------------------------------------------------------------------------------------------

Power Report

Table of Contents
-----------------
1. Summary
1.1 On-Chip Components
1.2 Power Supply Summary
1.3 Confidence Level
2. Settings
2.1 Environment
2.2 Clock Constraints
3. Detailed Reports
3.1 By Hierarchy

1. Summary
----------

+--------------------------+--------------+
| Total On-Chip Power (W)  | 1.608        |
| Design Power Budget (W)  | Unspecified* |
| Power Budget Margin (W)  | NA           |
| Dynamic (W)              | 1.459        |
| Device Static (W)        | 0.150        |
| Effective TJA (C/W)      | 11.5         |
| Max Ambient (C)          | 66.4         |
| Junction Temperature (C) | 43.6         |
| Confidence Level         | Low          |
| Setting File             | ---          |
| Simulation Activity File | ---          |
| Design Nets Matched      | NA           |
+--------------------------+--------------+
* Specify Design Power Budget using, set_operating_conditions -design_power_budget <value in Watts>


1.1 On-Chip Components
----------------------

+--------------------------+-----------+----------+-----------+-----------------+
| On-Chip                  | Power (W) | Used     | Available | Utilization (%) |
+--------------------------+-----------+----------+-----------+-----------------+
| Clocks                   |     0.035 |       11 |       --- |             --- |
| Slice Logic              |     0.003 |     7025 |       --- |             --- |
|   LUT as Logic           |     0.003 |     2075 |     53200 |            3.90 |
|   Register               |    <0.001 |     3102 |    106400 |            2.92 |
|   CARRY4                 |    <0.001 |      108 |     13300 |            0.81 |
|   LUT as Shift Register  |    <0.001 |      192 |     17400 |            1.10 |
|   LUT as Distributed RAM |    <0.001 |       24 |     17400 |            0.14 |
|   F7/F8 Muxes            |    <0.001 |      192 |     53200 |            0.36 |
|   Others                 |     0.000 |      804 |       --- |             --- |
| Signals                  |     0.017 |     5561 |       --- |             --- |
| Block RAM                |     0.010 |      114 |       140 |           81.43 |
| PLL                      |     0.138 |        2 |         4 |           50.00 |
| I/O                      |    <0.001 |        1 |       125 |            0.80 |
| PS7                      |     1.256 |        1 |       --- |             --- |
| Static Power             |     0.150 |          |           |                 |
| Total                    |     1.608 |          |           |                 |
+--------------------------+-----------+----------+-----------+-----------------+


1.2 Power Supply Summary
------------------------

+-----------+-------------+-----------+-------------+------------+-------------+-------------+------------+
| Source    | Voltage (V) | Total (A) | Dynamic (A) | Static (A) | Powerup (A) | Budget (A)  | Margin (A) |
+-----------+-------------+-----------+-------------+------------+-------------+-------------+------------+
| Vccint    |       1.000 |     0.090 |       0.072 |      0.018 |       NA    | Unspecified | NA         |
| Vccaux    |       1.800 |     0.087 |       0.072 |      0.015 |       NA    | Unspecified | NA         |
| Vcco33    |       3.300 |     0.000 |       0.000 |      0.000 |       NA    | Unspecified | NA         |
| Vcco25    |       2.500 |     0.000 |       0.000 |      0.000 |       NA    | Unspecified | NA         |
| Vcco18    |       1.800 |     0.000 |       0.000 |      0.000 |       NA    | Unspecified | NA         |
| Vcco15    |       1.500 |     0.000 |       0.000 |      0.000 |       NA    | Unspecified | NA         |
| Vcco135   |       1.350 |     0.000 |       0.000 |      0.000 |       NA    | Unspecified | NA         |
| Vcco12    |       1.200 |     0.000 |       0.000 |      0.000 |       NA    | Unspecified | NA         |
| Vccaux_io |       1.800 |     0.000 |       0.000 |      0.000 |       NA    | Unspecified | NA         |
| Vccbram   |       1.000 |     0.009 |       0.001 |      0.008 |       NA    | Unspecified | NA         |
| MGTAVcc   |       1.000 |     0.000 |       0.000 |      0.000 |       NA    | Unspecified | NA         |
| MGTAVtt   |       1.200 |     0.000 |       0.000 |      0.000 |       NA    | Unspecified | NA         |
| MGTVccaux |       1.800 |     0.000 |       0.000 |      0.000 |       NA    | Unspecified | NA         |
| Vccpint   |       1.000 |     0.676 |       0.647 |      0.029 |       NA    | Unspecified | NA         |
| Vccpaux   |       1.800 |     0.036 |       0.026 |      0.010 |       NA    | Unspecified | NA         |
| Vccpll    |       1.800 |     0.017 |       0.014 |      0.003 |       NA    | Unspecified | NA         |
| Vcco_ddr  |       1.500 |     0.354 |       0.352 |      0.002 |       NA    | Unspecified | NA         |
| Vcco_mio0 |       3.300 |     0.003 |       0.002 |      0.001 |       NA    | Unspecified | NA         |
| Vcco_mio1 |       1.800 |     0.003 |       0.002 |      0.001 |       NA    | Unspecified | NA         |
| Vccadc    |       1.800 |     0.020 |       0.000 |      0.020 |       NA    | Unspecified | NA         |
+-----------+-------------+-----------+-------------+------------+-------------+-------------+------------+


1.3 Confidence Level
--------------------

+-----------------------------+------------+--------------------------------------------------------+------------------------------------------------------------------------------------------------------------+
| User Input Data             | Confidence | Details                                                | Action                                                                                                     |
+-----------------------------+------------+--------------------------------------------------------+------------------------------------------------------------------------------------------------------------+
| Design implementation state | High       | Design is routed                                       |                                                                                                            |
| Clock nodes activity        | High       | User specified more than 95% of clocks                 |                                                                                                            |
| I/O nodes activity          | Low        | More than 75% of inputs are missing user specification | Provide missing input activity with simulation results or by editing the "By Resource Type -> I/Os" view   |
| Internal nodes activity     | Medium     | User specified less than 25% of internal nodes         | Provide missing internal nodes activity with simulation results or by editing the "By Resource Type" views |
| Device models               | High       | Device models are Production                           |                                                                                                            |
|                             |            |                                                        |                                                                                                            |
| Overall confidence level    | Low        |                                                        |                                                                                                            |
+-----------------------------+------------+--------------------------------------------------------+------------------------------------------------------------------------------------------------------------+


2. Settings
-----------

2.1 Environment
---------------

+-----------------------+------------------------+
| Ambient Temp (C)      | 25.0                   |
| ThetaJA (C/W)         | 11.5                   |
| Airflow (LFM)         | 250                    |
| Heat Sink             | none                   |
| ThetaSA (C/W)         | 0.0                    |
| Board Selection       | medium (10"x10")       |
| # of Board Layers     | 8to11 (8 to 11 Layers) |
| Board Temperature (C) | 25.0                   |
+-----------------------+------------------------+


2.2 Clock Constraints
---------------------

+--------------------------------------------------------------------------------------------+-----------------------------------------------------------------------+-----------------+
| Clock                                                                                      | Domain                                                                | Constraint (ns) |
+--------------------------------------------------------------------------------------------+-----------------------------------------------------------------------+-----------------+
| clk_fpga_0                                                                                 | UART_Transfer_i/processing_system7_0/inst/FCLK_CLK_unbuffered[0]      |            10.0 |
| clk_out1_clk_wiz_0                                                                         | UART_Transfer_i/clock_out_top_0/U0/u_pll_slow/inst/clk_out1_clk_wiz_0 |            52.6 |
| clk_out1_clk_wiz_1                                                                         | UART_Transfer_i/clock_out_top_0/U0/u_pll_fast/inst/clk_out1_clk_wiz_1 |             5.3 |
| clk_out2_clk_wiz_1                                                                         | UART_Transfer_i/clock_out_top_0/U0/u_pll_fast/inst/clk_out2_clk_wiz_1 |             1.8 |
| clkfbout_clk_wiz_0                                                                         | UART_Transfer_i/clock_out_top_0/U0/u_pll_slow/inst/clkfbout_clk_wiz_0 |            40.0 |
| clkfbout_clk_wiz_1                                                                         | UART_Transfer_i/clock_out_top_0/U0/u_pll_fast/inst/clkfbout_clk_wiz_1 |            50.0 |
| dbg_hub/inst/BSCANID.u_xsdbm_id/SWITCH_N_EXT_BSCAN.bscan_inst/SERIES7_BSCAN.bscan_inst/TCK | dbg_hub/inst/BSCANID.u_xsdbm_id/SWITCH_N_EXT_BSCAN.bscan_inst/TCK     |            33.0 |
+--------------------------------------------------------------------------------------------+-----------------------------------------------------------------------+-----------------+


3. Detailed Reports
-------------------

3.1 By Hierarchy
----------------

+--------------------------+-----------+
| Name                     | Power (W) |
+--------------------------+-----------+
| UART_Transfer_wrapper    |     1.459 |
|   UART_Transfer_i        |     1.452 |
|     axi_gpio_0           |     0.001 |
|       U0                 |     0.001 |
|     clock_out_top_0      |     0.191 |
|       U0                 |     0.191 |
|     processing_system7_0 |     1.256 |
|       inst               |     1.256 |
|     ps7_0_axi_periph     |     0.004 |
|       s00_couplers       |     0.004 |
|   dbg_hub                |     0.006 |
|     inst                 |     0.006 |
|       BSCANID.u_xsdbm_id |     0.006 |
+--------------------------+-----------+


